#
# A fatal error has been detected by the Java Runtime Environment:
#
#  EXCEPTION_ACCESS_VIOLATION (0xc0000005) at pc=0x6c029ab1, pid=2416, tid=0x00002278
#
# JRE version: Java(TM) SE Runtime Environment (8.0_144-b01) (build 1.8.0_144-b01)
# Java VM: Java HotSpot(TM) Client VM (25.144-b01 mixed mode windows-x86 )
# Problematic frame:
# C  [awt.dll+0xa9ab1]
#
# Failed to write core dump. Minidumps are not enabled by default on client versions of Windows
#
# If you would like to submit a bug report, please visit:
#   http://bugreport.java.com/bugreport/crash.jsp
# The crash happened outside the Java Virtual Machine in native code.
# See problematic frame for where to report the bug.
#

---------------  T H R E A D  ---------------

Current thread (0x27eb1400):  JavaThread "AWT-EventQueue-0" [_thread_in_native, id=8824, stack(0x29630000,0x29680000)]

siginfo: ExceptionCode=0xc0000005, reading address 0x00000004

Registers:
EAX=0x0000000d, EBX=0x2e010d2e, ECX=0x00000000, EDX=0x00503c50
ESP=0x2967e1d8, EBP=0x74be6460, ESI=0x283a0010, EDI=0x282694e0
EIP=0x6c029ab1, EFLAGS=0x00010297

Top of Stack: (sp=0x2967e1d8)
0x2967e1d8:   6bfae936 2e010d2e 282694e0 27eb1540
0x2967e1e8:   2967e2a8 2967e760 6bfdb333 27eb1540
0x2967e1f8:   282694e0 2967e760 6bfdb34a 00000001
0x2967e208:   00000000 00000000 6bfabb85 27eb1540
0x2967e218:   2967e760 27eb1400 00000000 00000000
0x2967e228:   00000000 2967e240 2967e2c8 2828d0c8
0x2967e238:   2967e764 27eb1540 ffffffff 2967e244
0x2967e248:   29521488 2967e26c 29523338 00000000 

Instructions: (pc=0x6c029ab1)
0x6c029a91:   00 00 c3 8b 41 04 8b 80 0c 0c 00 00 c3 8b 01 83
0x6c029aa1:   78 04 08 7e 03 33 c0 c3 8b 49 04 e9 e4 eb fe ff
0x6c029ab1:   8b 49 04 85 c9 74 05 e9 f2 e9 fe ff 33 c0 c2 04
0x6c029ac1:   00 8b 49 04 85 c9 74 05 e9 07 ea fe ff c2 04 00 


Register to memory mapping:

EAX=0x0000000d is an unknown value
EBX=0x2e010d2e is an unknown value
ECX=0x00000000 is an unknown value
EDX=0x00503c50 is an unknown value
ESP=0x2967e1d8 is pointing into the stack for thread: 0x27eb1400
EBP=0x74be6460 is an unknown value
ESI=0x283a0010 is an unknown value
EDI=0x282694e0 is an unknown value


Stack: [0x29630000,0x29680000],  sp=0x2967e1d8,  free space=312k
Native frames: (J=compiled Java code, j=interpreted, Vv=VM code, C=native code)
C  [awt.dll+0xa9ab1]

Java frames: (J=compiled Java code, j=interpreted, Vv=VM code)
J 2066  sun.java2d.windows.GDIBlitLoops.nativeBlit(Lsun/java2d/SurfaceData;Lsun/java2d/SurfaceData;Lsun/java2d/pipe/Region;IIIIIIIIIZ)V (0 bytes) @ 0x028ab5d8 [0x028ab510+0xc8]
J 8109 C1 sun.java2d.windows.GDIBlitLoops.Blit(Lsun/java2d/SurfaceData;Lsun/java2d/SurfaceData;Ljava/awt/Composite;Lsun/java2d/pipe/Region;IIIIII)V (37 bytes) @ 0x02883118 [0x02883080+0x98]
J 8104 C1 sun.java2d.pipe.DrawImage.blitSurfaceData(Lsun/java2d/SunGraphics2D;Lsun/java2d/pipe/Region;Lsun/java2d/SurfaceData;Lsun/java2d/SurfaceData;Lsun/java2d/loops/SurfaceType;Lsun/java2d/loops/SurfaceType;IIIIIILjava/awt/Color;)V (145 bytes) @ 0x0261c100 [0x0261bee0+0x220]
J 8103 C1 sun.java2d.pipe.DrawImage.renderImageCopy(Lsun/java2d/SunGraphics2D;Ljava/awt/Image;Ljava/awt/Color;IIIIII)Z (147 bytes) @ 0x0261c91c [0x0261c800+0x11c]
J 8102 C1 sun.java2d.pipe.DrawImage.copyImage(Lsun/java2d/SunGraphics2D;Ljava/awt/Image;IILjava/awt/Color;)Z (105 bytes) @ 0x0261d1f0 [0x0261d010+0x1e0]
J 8093 C1 sun.java2d.pipe.DrawImage.copyImage(Lsun/java2d/SunGraphics2D;Ljava/awt/Image;IILjava/awt/Color;Ljava/awt/image/ImageObserver;)Z (60 bytes) @ 0x0274af28 [0x0274adc0+0x168]
J 8092 C1 sun.java2d.pipe.ValidatePipe.copyImage(Lsun/java2d/SunGraphics2D;Ljava/awt/Image;IILjava/awt/Color;Ljava/awt/image/ImageObserver;)Z (29 bytes) @ 0x026880a8 [0x02688030+0x78]
J 8065 C1 sun.java2d.SunGraphics2D.drawImage(Ljava/awt/Image;IILjava/awt/Color;Ljava/awt/image/ImageObserver;)Z (145 bytes) @ 0x0280800c [0x02807e10+0x1fc]
J 8083 C1 sun.java2d.SunGraphics2D.drawImage(Ljava/awt/Image;IILjava/awt/image/ImageObserver;)Z (11 bytes) @ 0x0288f0c0 [0x0288f080+0x40]
j  javax.swing.RepaintManager$PaintManager.paintDoubleBuffered(Ljavax/swing/JComponent;Ljava/awt/Image;Ljava/awt/Graphics;IIII)V+242
J 7718 C1 javax.swing.RepaintManager$PaintManager.paint(Ljavax/swing/JComponent;Ljavax/swing/JComponent;Ljava/awt/Graphics;IIII)Z (189 bytes) @ 0x02810acc [0x02810890+0x23c]
J 7772 C1 javax.swing.RepaintManager.paint(Ljavax/swing/JComponent;Ljavax/swing/JComponent;Ljava/awt/Graphics;IIII)V (93 bytes) @ 0x0260bbf0 [0x0260ba00+0x1f0]
J 7774 C1 javax.swing.JComponent.paint(Ljava/awt/Graphics;)V (409 bytes) @ 0x0287d8f4 [0x0287d590+0x364]
j  java.awt.GraphicsCallback$PaintCallback.run(Ljava/awt/Component;Ljava/awt/Graphics;)V+2
j  sun.awt.SunGraphicsCallback.runOneComponent(Ljava/awt/Component;Ljava/awt/Rectangle;Ljava/awt/Graphics;Ljava/awt/Shape;I)V+155
j  sun.awt.SunGraphicsCallback.runComponents([Ljava/awt/Component;Ljava/awt/Graphics;I)V+194
j  java.awt.Container.paint(Ljava/awt/Graphics;)V+58
j  java.awt.Window.paint(Ljava/awt/Graphics;)V+68
J 7760 C1 javax.swing.RepaintManager$4.run()Ljava/lang/Void; (278 bytes) @ 0x026415b4 [0x026412e0+0x2d4]
J 7759 C1 javax.swing.RepaintManager$4.run()Ljava/lang/Object; (5 bytes) @ 0x0263fba0 [0x0263fb80+0x20]
v  ~StubRoutines::call_stub
J 1481  java.security.AccessController.doPrivileged(Ljava/security/PrivilegedAction;Ljava/security/AccessControlContext;)Ljava/lang/Object; (0 bytes) @ 0x027e4ec7 [0x027e4e60+0x67]
J 7711 C1 javax.swing.RepaintManager.paintDirtyRegions(Ljava/util/Map;)V (196 bytes) @ 0x0286b2bc [0x0286aee0+0x3dc]
J 7771 C1 javax.swing.RepaintManager.paintDirtyRegions()V (50 bytes) @ 0x02602ae4 [0x026029a0+0x144]
J 7770 C1 javax.swing.RepaintManager.prePaintDirtyRegions()V (91 bytes) @ 0x02621bb4 [0x026219f0+0x1c4]
J 7761 C1 javax.swing.RepaintManager$ProcessingRunnable.run()V (41 bytes) @ 0x0272c9a4 [0x0272c870+0x134]
J 1893 C1 java.awt.event.InvocationEvent.dispatch()V (69 bytes) @ 0x0286f01c [0x0286ef30+0xec]
J 1661 C1 java.awt.EventQueue.dispatchEventImpl(Ljava/awt/AWTEvent;Ljava/lang/Object;)V (149 bytes) @ 0x0281c40c [0x0281bf50+0x4bc]
J 1658 C1 java.awt.EventQueue$3.run()Ljava/lang/Void; (60 bytes) @ 0x0281b6dc [0x0281b680+0x5c]
J 1657 C1 java.awt.EventQueue$3.run()Ljava/lang/Object; (5 bytes) @ 0x0281b460 [0x0281b440+0x20]
v  ~StubRoutines::call_stub
J 1481  java.security.AccessController.doPrivileged(Ljava/security/PrivilegedAction;Ljava/security/AccessControlContext;)Ljava/lang/Object; (0 bytes) @ 0x027e4ec7 [0x027e4e60+0x67]
J 1654 C1 java.awt.EventQueue.dispatchEvent(Ljava/awt/AWTEvent;)V (80 bytes) @ 0x0281a248 [0x0281a040+0x208]
J 1499 C1 java.awt.EventDispatchThread.pumpOneEventForFilters(I)V (295 bytes) @ 0x027ebb10 [0x027eb480+0x690]
J 2808% C1 java.awt.EventDispatchThread.pumpEventsForFilter(ILjava/awt/Conditional;Ljava/awt/EventFilter;)V (47 bytes) @ 0x02819440 [0x02819380+0xc0]
j  java.awt.EventDispatchThread.pumpEventsForHierarchy(ILjava/awt/Conditional;Ljava/awt/Component;)V+11
j  java.awt.EventDispatchThread.pumpEvents(ILjava/awt/Conditional;)V+4
j  java.awt.EventDispatchThread.pumpEvents(Ljava/awt/Conditional;)V+3
j  java.awt.EventDispatchThread.run()V+9
v  ~StubRoutines::call_stub

---------------  P R O C E S S  ---------------

Java Threads: ( => current thread )
  0x28245400 JavaThread "DestroyJavaVM" [_thread_blocked, id=5912, stack(0x024f0000,0x02540000)]
  0x27eae000 JavaThread "TimerQueue" daemon [_thread_blocked, id=16352, stack(0x29a80000,0x29ad0000)]
=>0x27eb1400 JavaThread "AWT-EventQueue-0" [_thread_in_native, id=8824, stack(0x29630000,0x29680000)]
  0x27eae800 JavaThread "AWT-Shutdown" [_thread_blocked, id=12440, stack(0x295a0000,0x295f0000)]
  0x27eb0c00 JavaThread "Batik CleanerThread" daemon [_thread_blocked, id=14748, stack(0x29150000,0x291a0000)]
  0x27eafc00 JavaThread "Timer-0" [_thread_blocked, id=14548, stack(0x28db0000,0x28e00000)]
  0x27e7fc00 JavaThread "Multihomed mDNS.Timer" daemon [_thread_blocked, id=15088, stack(0x27bd0000,0x27c20000)]
  0x27e6e000 JavaThread "cc.arduino.packages.discoverers.serial.SerialBoardsLister" [_thread_blocked, id=14680, stack(0x267f0000,0x26840000)]
  0x26517000 JavaThread "AWT-Windows" daemon [_thread_in_native, id=2368, stack(0x26880000,0x268d0000)]
  0x26514000 JavaThread "Java2D Disposer" daemon [_thread_blocked, id=15468, stack(0x04580000,0x045d0000)]
  0x25982800 JavaThread "Service Thread" daemon [_thread_blocked, id=3544, stack(0x261d0000,0x26220000)]
  0x2596d000 JavaThread "C1 CompilerThread0" daemon [_thread_blocked, id=5116, stack(0x26140000,0x26190000)]
  0x2596b400 JavaThread "Attach Listener" daemon [_thread_blocked, id=3712, stack(0x260b0000,0x26100000)]
  0x25969800 JavaThread "Signal Dispatcher" daemon [_thread_blocked, id=13832, stack(0x26020000,0x26070000)]
  0x2594b800 JavaThread "Finalizer" daemon [_thread_blocked, id=10996, stack(0x25d20000,0x25d70000)]
  0x25934800 JavaThread "Reference Handler" daemon [_thread_blocked, id=376, stack(0x24be0000,0x24c30000)]

Other Threads:
  0x0082e400 VMThread [stack: 0x24b50000,0x24ba0000] [id=5596]
  0x2598d800 WatcherThread [stack: 0x26260000,0x262b0000] [id=14240]

VM state:not at safepoint (normal execution)

VM Mutex/Monitor currently owned by a thread: None

Heap:
 def new generation   total 39424K, used 30177K [0x04600000, 0x070c0000, 0x0f0a0000)
  eden space 35072K,  85% used [0x04600000, 0x0632f658, 0x06840000)
  from space 4352K,   6% used [0x06840000, 0x06889098, 0x06c80000)
  to   space 4352K,   0% used [0x06c80000, 0x06c80000, 0x070c0000)
 tenured generation   total 87424K, used 81179K [0x0f0a0000, 0x14600000, 0x24600000)
   the space 87424K,  92% used [0x0f0a0000, 0x13fe6fb0, 0x13fe7000, 0x14600000)
 Metaspace       used 19009K, capacity 19467K, committed 19584K, reserved 19840K

Card table byte_map: [0x00a00000,0x00b10000] byte_map_base: 0x009dd000

Polling page: 0x00160000

CodeCache: size=32768Kb used=1655Kb max_used=3585Kb free=31112Kb
 bounds [0x02540000, 0x028c8000, 0x04540000]
 total_blobs=1022 nmethods=743 adapters=208
 compilation: enabled

Compilation events (10 events):
Event: 397734.220 Thread 0x2596d000 nmethod 8291 0x027341c8 code [0x027342e0, 0x027343e8]
Event: 397734.225 Thread 0x2596d000 8292             java.awt.Component::getPeer (5 bytes)
Event: 397734.225 Thread 0x2596d000 nmethod 8292 0x0260cec8 code [0x0260cfc0, 0x0260d040]
Event: 397734.270 Thread 0x2596d000 8293             sun.font.FontDesignMetrics::charsWidth (201 bytes)
Event: 397734.272 Thread 0x2596d000 nmethod 8293 0x02746c08 code [0x02746e00, 0x0274747c]
Event: 397734.279 Thread 0x2596d000 8294             sun.font.CompositeGlyphMapper::charsToGlyphsNS (158 bytes)
Event: 397734.280 Thread 0x2596d000 nmethod 8294 0x0286de88 code [0x0286dfb0, 0x0286e258]
Event: 397734.280 Thread 0x2596d000 8295             sun.font.FileFontStrike::getSlot0GlyphImagePtrs (129 bytes)
Event: 397734.282 Thread 0x2596d000 nmethod 8295 0x02637f08 code [0x02638120, 0x02638bb8]
Event: 397734.282 Thread 0x2596d000 8296             org.fife.ui.rsyntaxtextarea.DefaultTokenPainter::paintImpl (454 bytes)

GC Heap History (10 events):
Event: 163743.897 GC heap before
{Heap before GC invocations=32 (full 1):
 def new generation   total 39424K, used 38991K [0x04600000, 0x070c0000, 0x0f0a0000)
  eden space 35072K, 100% used [0x04600000, 0x06840000, 0x06840000)
  from space 4352K,  90% used [0x06c80000, 0x07053f88, 0x070c0000)
  to   space 4352K,   0% used [0x06840000, 0x06840000, 0x06c80000)
 tenured generation   total 87424K, used 73355K [0x0f0a0000, 0x14600000, 0x24600000)
   the space 87424K,  83% used [0x0f0a0000, 0x13842c70, 0x13842e00, 0x14600000)
 Metaspace       used 19008K, capacity 19467K, committed 19584K, reserved 19840K
Event: 163743.936 GC heap after
Heap after GC invocations=33 (full 1):
 def new generation   total 39424K, used 1K [0x04600000, 0x070c0000, 0x0f0a0000)
  eden space 35072K,   0% used [0x04600000, 0x04600000, 0x06840000)
  from space 4352K,   0% used [0x06840000, 0x068404c0, 0x06c80000)
  to   space 4352K,   0% used [0x06c80000, 0x06c80000, 0x070c0000)
 tenured generation   total 87424K, used 77272K [0x0f0a0000, 0x14600000, 0x24600000)
   the space 87424K,  88% used [0x0f0a0000, 0x13c163d8, 0x13c16400, 0x14600000)
 Metaspace       used 19008K, capacity 19467K, committed 19584K, reserved 19840K
}
Event: 166437.051 GC heap before
{Heap before GC invocations=33 (full 1):
 def new generation   total 39424K, used 32224K [0x04600000, 0x070c0000, 0x0f0a0000)
  eden space 35072K,  91% used [0x04600000, 0x06577c40, 0x06840000)
  from space 4352K,   0% used [0x06840000, 0x068404c0, 0x06c80000)
  to   space 4352K,   0% used [0x06c80000, 0x06c80000, 0x070c0000)
 tenured generation   total 87424K, used 77272K [0x0f0a0000, 0x14600000, 0x24600000)
   the space 87424K,  88% used [0x0f0a0000, 0x13c163d8, 0x13c16400, 0x14600000)
 Metaspace       used 19009K, capacity 19467K, committed 19584K, reserved 19840K
Event: 166437.054 GC heap after
Heap after GC invocations=34 (full 1):
 def new generation   total 39424K, used 68K [0x04600000, 0x070c0000, 0x0f0a0000)
  eden space 35072K,   0% used [0x04600000, 0x04600000, 0x06840000)
  from space 4352K,   1% used [0x06c80000, 0x06c91060, 0x070c0000)
  to   space 4352K,   0% used [0x06840000, 0x06840000, 0x06c80000)
 tenured generation   total 87424K, used 77272K [0x0f0a0000, 0x14600000, 0x24600000)
   the space 87424K,  88% used [0x0f0a0000, 0x13c163d8, 0x13c16400, 0x14600000)
 Metaspace       used 19009K, capacity 19467K, committed 19584K, reserved 19840K
}
Event: 178843.772 GC heap before
{Heap before GC invocations=34 (full 1):
 def new generation   total 39424K, used 33182K [0x04600000, 0x070c0000, 0x0f0a0000)
  eden space 35072K,  94% used [0x04600000, 0x06656a48, 0x06840000)
  from space 4352K,   1% used [0x06c80000, 0x06c91060, 0x070c0000)
  to   space 4352K,   0% used [0x06840000, 0x06840000, 0x06c80000)
 tenured generation   total 87424K, used 77272K [0x0f0a0000, 0x14600000, 0x24600000)
   the space 87424K,  88% used [0x0f0a0000, 0x13c163d8, 0x13c16400, 0x14600000)
 Metaspace       used 19009K, capacity 19467K, committed 19584K, reserved 19840K
Event: 178843.775 GC heap after
Heap after GC invocations=35 (full 1):
 def new generation   total 39424K, used 66K [0x04600000, 0x070c0000, 0x0f0a0000)
  eden space 35072K,   0% used [0x04600000, 0x04600000, 0x06840000)
  from space 4352K,   1% used [0x06840000, 0x06850968, 0x06c80000)
  to   space 4352K,   0% used [0x06c80000, 0x06c80000, 0x070c0000)
 tenured generation   total 87424K, used 77272K [0x0f0a0000, 0x14600000, 0x24600000)
   the space 87424K,  88% used [0x0f0a0000, 0x13c163d8, 0x13c16400, 0x14600000)
 Metaspace       used 19009K, capacity 19467K, committed 19584K, reserved 19840K
}
Event: 223926.272 GC heap before
{Heap before GC invocations=35 (full 1):
 def new generation   total 39424K, used 35138K [0x04600000, 0x070c0000, 0x0f0a0000)
  eden space 35072K, 100% used [0x04600000, 0x06840000, 0x06840000)
  from space 4352K,   1% used [0x06840000, 0x06850968, 0x06c80000)
  to   space 4352K,   0% used [0x06c80000, 0x06c80000, 0x070c0000)
 tenured generation   total 87424K, used 77272K [0x0f0a0000, 0x14600000, 0x24600000)
   the space 87424K,  88% used [0x0f0a0000, 0x13c163d8, 0x13c16400, 0x14600000)
 Metaspace       used 19009K, capacity 19467K, committed 19584K, reserved 19840K
Event: 223926.292 GC heap after
Heap after GC invocations=36 (full 1):
 def new generation   total 39424K, used 3958K [0x04600000, 0x070c0000, 0x0f0a0000)
  eden space 35072K,   0% used [0x04600000, 0x04600000, 0x06840000)
  from space 4352K,  90% used [0x06c80000, 0x0705d8b8, 0x070c0000)
  to   space 4352K,   0% used [0x06840000, 0x06840000, 0x06c80000)
 tenured generation   total 87424K, used 77272K [0x0f0a0000, 0x14600000, 0x24600000)
   the space 87424K,  88% used [0x0f0a0000, 0x13c163d8, 0x13c16400, 0x14600000)
 Metaspace       used 19009K, capacity 19467K, committed 19584K, reserved 19840K
}
Event: 244022.728 GC heap before
{Heap before GC invocations=36 (full 1):
 def new generation   total 39424K, used 39030K [0x04600000, 0x070c0000, 0x0f0a0000)
  eden space 35072K, 100% used [0x04600000, 0x06840000, 0x06840000)
  from space 4352K,  90% used [0x06c80000, 0x0705d8b8, 0x070c0000)
  to   space 4352K,   0% used [0x06840000, 0x06840000, 0x06c80000)
 tenured generation   total 87424K, used 77272K [0x0f0a0000, 0x14600000, 0x24600000)
   the space 87424K,  88% used [0x0f0a0000, 0x13c163d8, 0x13c16400, 0x14600000)
 Metaspace       used 19009K, capacity 19467K, committed 19584K, reserved 19840K
Event: 244022.794 GC heap after
Heap after GC invocations=37 (full 1):
 def new generation   total 39424K, used 292K [0x04600000, 0x070c0000, 0x0f0a0000)
  eden space 35072K,   0% used [0x04600000, 0x04600000, 0x06840000)
  from space 4352K,   6% used [0x06840000, 0x06889098, 0x06c80000)
  to   space 4352K,   0% used [0x06c80000, 0x06c80000, 0x070c0000)
 tenured generation   total 87424K, used 81179K [0x0f0a0000, 0x14600000, 0x24600000)
   the space 87424K,  92% used [0x0f0a0000, 0x13fe6fb0, 0x13fe7000, 0x14600000)
 Metaspace       used 19009K, capacity 19467K, committed 19584K, reserved 19840K
}

Deoptimization events (0 events):
No events

Internal exceptions (10 events):
Event: 55020.454 Thread 0x28244000 Exception <a 'sun/nio/fs/WindowsException'> (0x04b10c00) thrown at [C:\workspace\8-2-build-windows-i586-cygwin\jdk8u144\9417\hotspot\src\share\vm\prims\jni.cpp, line 709]
Event: 55020.455 Thread 0x28244000 Exception <a 'sun/nio/fs/WindowsException'> (0x04b111f8) thrown at [C:\workspace\8-2-build-windows-i586-cygwin\jdk8u144\9417\hotspot\src\share\vm\prims\jni.cpp, line 709]
Event: 55020.457 Thread 0x28244000 Exception <a 'sun/nio/fs/WindowsException'> (0x04b17118) thrown at [C:\workspace\8-2-build-windows-i586-cygwin\jdk8u144\9417\hotspot\src\share\vm\prims\jni.cpp, line 709]
Event: 55020.457 Thread 0x28244000 Exception <a 'sun/nio/fs/WindowsException'> (0x04b17720) thrown at [C:\workspace\8-2-build-windows-i586-cygwin\jdk8u144\9417\hotspot\src\share\vm\prims\jni.cpp, line 709]
Event: 77465.355 Thread 0x28246000 Exception <a 'java/net/SocketException': socket closed> (0x05a82878) thrown at [C:\workspace\8-2-build-windows-i586-cygwin\jdk8u144\9417\hotspot\src\share\vm\prims\jni.cpp, line 735]
Event: 77471.375 Thread 0x28241400 Exception <a 'java/net/SocketException': socket closed> (0x05a75e58) thrown at [C:\workspace\8-2-build-windows-i586-cygwin\jdk8u144\9417\hotspot\src\share\vm\prims\jni.cpp, line 735]
Event: 228111.403 Thread 0x28245800 Exception <a 'java/net/SocketException': socket closed> (0x04e8eaa8) thrown at [C:\workspace\8-2-build-windows-i586-cygwin\jdk8u144\9417\hotspot\src\share\vm\prims\jni.cpp, line 735]
Event: 228117.417 Thread 0x28242800 Exception <a 'java/net/SocketException': socket closed> (0x04ead540) thrown at [C:\workspace\8-2-build-windows-i586-cygwin\jdk8u144\9417\hotspot\src\share\vm\prims\jni.cpp, line 735]
Event: 247927.110 Thread 0x2823fc00 Exception <a 'java/net/SocketException': socket closed> (0x04ca0240) thrown at [C:\workspace\8-2-build-windows-i586-cygwin\jdk8u144\9417\hotspot\src\share\vm\prims\jni.cpp, line 735]
Event: 247933.125 Thread 0x28243800 Exception <a 'java/net/SocketException': socket closed> (0x04b8f408) thrown at [C:\workspace\8-2-build-windows-i586-cygwin\jdk8u144\9417\hotspot\src\share\vm\prims\jni.cpp, line 735]

Events (10 events):
Event: 397714.206 Thread 0x2596d000 flushing nmethod 0x02876bc8
Event: 397714.206 Thread 0x2596d000 flushing nmethod 0x028b9a88
Event: 397719.918 Thread 0x2596d000 flushing nmethod 0x0260cec8
Event: 397719.919 Thread 0x2596d000 flushing nmethod 0x0264c1c8
Event: 397734.220 Thread 0x2596d000 flushing nmethod 0x02733f88
Event: 397734.220 Thread 0x2596d000 flushing nmethod 0x0278d0c8
Event: 397734.221 Thread 0x2596d000 flushing nmethod 0x02800f48
Event: 397734.225 Thread 0x2596d000 flushing nmethod 0x0288c548
Event: 397734.225 Thread 0x2596d000 flushing nmethod 0x028ab708
Event: 397734.225 Thread 0x2596d000 flushing nmethod 0x028b98c8


Dynamic libraries:
0x01020000 - 0x01053000 	C:\Program Files (x86)\Arduino\java\bin\javaw.exe
0x77b40000 - 0x77cce000 	C:\WINDOWS\SYSTEM32\ntdll.dll
0x74a80000 - 0x74b50000 	C:\WINDOWS\System32\KERNEL32.DLL
0x76df0000 - 0x76fb2000 	C:\WINDOWS\System32\KERNELBASE.dll
0x746f0000 - 0x74767000 	C:\WINDOWS\System32\ADVAPI32.dll
0x74770000 - 0x7482d000 	C:\WINDOWS\System32\msvcrt.dll
0x76fc0000 - 0x77001000 	C:\WINDOWS\System32\sechost.dll
0x74830000 - 0x748f0000 	C:\WINDOWS\System32\RPCRT4.dll
0x74610000 - 0x74630000 	C:\WINDOWS\System32\SspiCli.dll
0x74600000 - 0x7460a000 	C:\WINDOWS\System32\CRYPTBASE.dll
0x77030000 - 0x77087000 	C:\WINDOWS\System32\bcryptPrimitives.dll
0x76c30000 - 0x76d6c000 	C:\WINDOWS\System32\USER32.dll
0x77010000 - 0x77026000 	C:\WINDOWS\System32\win32u.dll
0x74be0000 - 0x74c01000 	C:\WINDOWS\System32\GDI32.dll
0x77090000 - 0x771e8000 	C:\WINDOWS\System32\gdi32full.dll
0x76d70000 - 0x76de9000 	C:\WINDOWS\System32\msvcp_win.dll
0x763f0000 - 0x76508000 	C:\WINDOWS\System32\ucrtbase.dll
0x712d0000 - 0x714de000 	C:\WINDOWS\WinSxS\x86_microsoft.windows.common-controls_6595b64144ccf1df_6.0.15063.483_none_6dad63fefc436da8\COMCTL32.dll
0x777a0000 - 0x779d8000 	C:\WINDOWS\System32\combase.dll
0x76180000 - 0x761a5000 	C:\WINDOWS\System32\IMM32.DLL
0x71940000 - 0x719ff000 	C:\Program Files (x86)\Arduino\java\bin\msvcr100.dll
0x6c0d0000 - 0x6c49e000 	C:\Program Files (x86)\Arduino\java\bin\client\jvm.dll
0x76320000 - 0x76326000 	C:\WINDOWS\System32\PSAPI.DLL
0x71b40000 - 0x71b48000 	C:\WINDOWS\SYSTEM32\WSOCK32.dll
0x6d7e0000 - 0x6d804000 	C:\WINDOWS\SYSTEM32\WINMM.dll
0x76330000 - 0x76397000 	C:\WINDOWS\System32\WS2_32.dll
0x74590000 - 0x74598000 	C:\WINDOWS\SYSTEM32\VERSION.dll
0x6d780000 - 0x6d7a3000 	C:\WINDOWS\SYSTEM32\WINMMBASE.dll
0x76240000 - 0x76279000 	C:\WINDOWS\System32\cfgmgr32.dll
0x71910000 - 0x71940000 	C:\Program Files (x86)\Arduino\java\bin\splashscreen.dll
0x71240000 - 0x712b8000 	C:\WINDOWS\system32\uxtheme.dll
0x779f0000 - 0x77b36000 	C:\WINDOWS\System32\MSCTF.dll
0x76280000 - 0x76316000 	C:\WINDOWS\System32\OLEAUT32.dll
0x71900000 - 0x7190c000 	C:\Program Files (x86)\Arduino\java\bin\verify.dll
0x718d0000 - 0x718f1000 	C:\Program Files (x86)\Arduino\java\bin\java.dll
0x70ce0000 - 0x70d61000 	C:\Program Files (x86)\Common Files\Microsoft Shared\Ink\tiptsf.dll
0x709a0000 - 0x709b3000 	C:\Program Files (x86)\Arduino\java\bin\zip.dll
0x74b70000 - 0x74b7e000 	C:\WINDOWS\System32\kernel.appcore.dll
0x70740000 - 0x707a7000 	C:\WINDOWS\System32\TextInputFramework.dll
0x70670000 - 0x706ff000 	C:\WINDOWS\System32\CoreMessaging.dll
0x6d330000 - 0x6d557000 	C:\WINDOWS\System32\CoreUIComponents.dll
0x74c10000 - 0x74c9c000 	C:\WINDOWS\System32\SHCORE.dll
0x70f30000 - 0x70f58000 	C:\WINDOWS\SYSTEM32\ntmarta.dll
0x6c860000 - 0x6c931000 	C:\WINDOWS\SYSTEM32\wintypes.dll
0x70f60000 - 0x70f70000 	C:\WINDOWS\SYSTEM32\usermgrcli.dll
0x70030000 - 0x70053000 	C:\WINDOWS\system32\dwmapi.dll
0x761b0000 - 0x76233000 	C:\WINDOWS\System32\clbcatq.dll
0x6d060000 - 0x6d1c9000 	C:\Windows\System32\uiautomationcore.dll
0x6c6e0000 - 0x6c766000 	C:\WINDOWS\SYSTEM32\sxs.dll
0x74e10000 - 0x76158000 	C:\WINDOWS\System32\SHELL32.dll
0x766a0000 - 0x76c27000 	C:\WINDOWS\System32\windows.storage.dll
0x763a0000 - 0x763e5000 	C:\WINDOWS\System32\shlwapi.dll
0x771f0000 - 0x77235000 	C:\WINDOWS\System32\powrprof.dll
0x74a70000 - 0x74a80000 	C:\WINDOWS\System32\profapi.dll
0x6d1d0000 - 0x6d226000 	C:\Windows\System32\OLEACC.dll
0x70600000 - 0x7066e000 	C:\WINDOWS\SYSTEM32\twinapi.dll
0x63180000 - 0x632b6000 	C:\WINDOWS\SYSTEM32\twinapi.appcore.dll
0x74500000 - 0x74518000 	C:\WINDOWS\SYSTEM32\bcrypt.dll
0x765a0000 - 0x76693000 	C:\WINDOWS\System32\ole32.dll
0x61940000 - 0x619b2000 	C:\Program Files (x86)\Arduino\lib\listSerialsj.dll
0x77380000 - 0x7779a000 	C:\WINDOWS\System32\SETUPAPI.dll
0x6d5d0000 - 0x6d5ed000 	C:\Program Files (x86)\Arduino\lib\jnidispatch-4.2.2-win32-x86.dll
0x6d5b0000 - 0x6d5c6000 	C:\Program Files (x86)\Arduino\java\bin\net.dll
0x73be0000 - 0x73c2e000 	C:\WINDOWS\system32\mswsock.dll
0x70be0000 - 0x70bef000 	C:\Program Files (x86)\Arduino\java\bin\nio.dll
0x6bf80000 - 0x6c0c5000 	C:\Program Files (x86)\Arduino\java\bin\awt.dll
0x70c40000 - 0x70cd3000 	C:\WINDOWS\SYSTEM32\apphelp.dll
0x6ce90000 - 0x6cec9000 	C:\Program Files (x86)\Arduino\java\bin\fontmanager.dll
0x6bea0000 - 0x6bf7f000 	C:\WINDOWS\system32\opengl32.dll
0x6d300000 - 0x6d325000 	C:\WINDOWS\SYSTEM32\GLU32.dll
0x6c7f0000 - 0x6c822000 	C:\Program Files (x86)\Arduino\java\bin\t2k.dll
0x71a80000 - 0x71aa2000 	C:\WINDOWS\SYSTEM32\DEVOBJ.dll
0x77240000 - 0x77284000 	C:\WINDOWS\System32\WINTRUST.dll
0x76160000 - 0x7616e000 	C:\WINDOWS\System32\MSASN1.dll
0x748f0000 - 0x74a6d000 	C:\WINDOWS\System32\CRYPT32.dll
0x74550000 - 0x7457f000 	C:\WINDOWS\SYSTEM32\IPHLPAPI.DLL
0x76170000 - 0x76177000 	C:\WINDOWS\System32\NSI.dll
0x73ba0000 - 0x73bb3000 	C:\WINDOWS\SYSTEM32\dhcpcsvc6.DLL
0x73bc0000 - 0x73bd4000 	C:\WINDOWS\SYSTEM32\dhcpcsvc.DLL
0x72790000 - 0x7280f000 	C:\WINDOWS\SYSTEM32\DNSAPI.dll
0x6cdd0000 - 0x6cdd8000 	C:\Windows\System32\rasadhlp.dll
0x5c350000 - 0x5c39a000 	C:\WINDOWS\System32\fwpuclnt.dll
0x6be30000 - 0x6be99000 	C:\Program Files (x86)\Arduino\msvcp100.dll
0x6bd70000 - 0x6be2e000 	C:\Program Files (x86)\Arduino\msvcr100.dll
0x290d0000 - 0x29102000 	C:\Program Files (x86)\Arduino\lib\AStylej.dll
0x6c7c0000 - 0x6c7e4000 	C:\Program Files (x86)\Arduino\java\bin\dcpr.dll
0x6cb30000 - 0x6cca2000 	C:\WINDOWS\SYSTEM32\WindowsCodecs.dll
0x633b0000 - 0x633f3000 	C:\WINDOWS\system32\dataexchange.dll
0x632c0000 - 0x633ab000 	C:\WINDOWS\system32\dcomp.dll
0x63f00000 - 0x64152000 	C:\WINDOWS\system32\d3d11.dll
0x63e70000 - 0x63efa000 	C:\WINDOWS\system32\dxgi.dll
0x72760000 - 0x72773000 	C:\WINDOWS\SYSTEM32\CRYPTSP.dll
0x72730000 - 0x7275f000 	C:\WINDOWS\system32\rsaenh.dll
0x744a0000 - 0x744c2000 	C:\WINDOWS\SYSTEM32\USERENV.dll
0x70dd0000 - 0x70f2d000 	C:\WINDOWS\SYSTEM32\dbghelp.dll

VM Arguments:
jvm_args: -Dsun.java2d.d3d=false -Djna.nosys=true -Djna.nounpack=true -Djna.boot.library.name=jnidispatch-4.2.2-win32-x86 -Djna.boot.library.path=C:\Program Files (x86)\Arduino/lib -Djssc.library.path=C:\Program Files (x86)\Arduino/lib -DAPP_DIR=C:\Program Files (x86)\Arduino -Xms128M -Xmx512M 
java_command: processing.app.Base C:\Users\patzh\Documents\Buzzer\button-switch\button-switch.ino
java_class_path (initial): C:\Program Files (x86)\Arduino\lib\apple.jar;C:\Program Files (x86)\Arduino\lib\arduino-core.jar;C:\Program Files (x86)\Arduino\lib\batik-1.8.jar;C:\Program Files (x86)\Arduino\lib\batik-anim-1.8.jar;C:\Program Files (x86)\Arduino\lib\batik-awt-util-1.8.jar;C:\Program Files (x86)\Arduino\lib\batik-bridge-1.8.jar;C:\Program Files (x86)\Arduino\lib\batik-codec-1.8.jar;C:\Program Files (x86)\Arduino\lib\batik-css-1.8.jar;C:\Program Files (x86)\Arduino\lib\batik-dom-1.8.jar;C:\Program Files (x86)\Arduino\lib\batik-ext-1.8.jar;C:\Program Files (x86)\Arduino\lib\batik-gvt-1.8.jar;C:\Program Files (x86)\Arduino\lib\batik-parser-1.8.jar;C:\Program Files (x86)\Arduino\lib\batik-rasterizer-1.8.jar;C:\Program Files (x86)\Arduino\lib\batik-script-1.8.jar;C:\Program Files (x86)\Arduino\lib\batik-squiggle-1.8.jar;C:\Program Files (x86)\Arduino\lib\batik-svg-dom-1.8.jar;C:\Program Files (x86)\Arduino\lib\batik-svgpp-1.8.jar;C:\Program Files (x86)\Arduino\lib\batik-transcoder-1.8.jar;C:\Program Files (x86)\Arduino\lib\batik-util-1.8.jar;C:\Program Files (x86)\Arduino\lib\batik-xml-1.8.jar;C:\Program Files (x86)\Arduino\lib\bcpg-jdk15on-152.jar;C:\Program Files (x86)\Arduino\lib\bcprov-jdk15on-152.jar;C:\Program Files (x86)\Arduino\lib\commons-codec-1.7.jar;C:\Program Files (x86)\Arduino\lib\commons-compress-1.8.jar;C:\Program Files (x86)\Arduino\lib\commons-exec-1.1.jar;C:\Program Files (x86)\Arduino\lib\commons-httpclient-3.1.jar;C:\Program Files (x86)\Arduino\lib\commons-lang3-3.3.2.jar;C:\Program Files (x86)\Arduino\lib\commons-logging-1.0.4.jar;C:\Program Files (x86)\Arduino\lib\commons-net-3.3.jar;C:\Program Files (x86)\Arduino\lib\jackson-annotations-2.6.3.jar;C:\Program Files (x86)\Arduino\lib\jackson-core-2.6.3.jar;C:\Program Files (x86)\Arduino\lib\jackson-databind-2.6.3.jar;C:\Program Files (x86)\Arduino\lib\jackson-module-mrbean-2.6.3.jar;C:\Program Files (x86)\Arduino\lib\java-semver-0.8.0.jar;C:\Program Files (x86)\Arduino\lib\jmdns-3.5.1.j
Launcher Type: SUN_STANDARD

Environment Variables:
PATH=C:\ProgramData\Oracle\Java\javapath;C:\Program Files (x86)\NVIDIA Corporation\PhysX\Common;C:\Program Files (x86)\Intel\iCLS Client\;C:\Program Files\Intel\iCLS Client\;C:\WINDOWS\system32;C:\WINDOWS;C:\WINDOWS\System32\Wbem;C:\WINDOWS\System32\WindowsPowerShell\v1.0\;C:\Program Files\Intel\Intel(R) Management Engine Components\DAL;C:\Program Files (x86)\Intel\Intel(R) Management Engine Components\DAL;C:\Program Files\Intel\Intel(R) Management Engine Components\IPT;C:\Program Files (x86)\Intel\Intel(R) Management Engine Components\IPT;C:\Program Files\Microsoft SQL Server\120\Tools\Binn\;C:\Program Files (x86)\Windows Kits\10\Windows Performance Toolkit\;C:\Program Files (x86)\nodejs\;C:\WINDOWS\system32\config\systemprofile\.dnx\bin;C:\Program Files\Microsoft DNX\Dnvm\;C:\Program Files (x86)\Skype\Phone\;C:\Program Files (x86)\Windows Live\Shared;C:\Users\patzh\AppData\Local\Programs\Python\Launcher\;%USERPROFILE%\AppData\Local\Microsoft\WindowsApps;;C:\Program Files (x86)\Arduino\java\bin
USERNAME=patzh
OS=Windows_NT
PROCESSOR_IDENTIFIER=Intel64 Family 6 Model 61 Stepping 4, GenuineIntel



---------------  S Y S T E M  ---------------

OS: Windows 10.0 , 64 bit Build 15063 (10.0.15063.296)

CPU:total 4 (initial active 4) (2 cores per cpu, 2 threads per core) family 6 model 61 stepping 4, cmov, cx8, fxsr, mmx, sse, sse2, sse3, ssse3, sse4.1, sse4.2, popcnt, avx, avx2, aes, clmul, erms, 3dnowpref, lzcnt, ht, tsc, tscinvbit, bmi1, bmi2, adx

Memory: 4k page, physical 8294012k(3411036k free), swap 11748540k(2512952k free)

vm_info: Java HotSpot(TM) Client VM (25.144-b01) for windows-x86 JRE (1.8.0_144-b01), built on Jul 21 2017 21:58:05 by "java_re" with MS VC++ 10.0 (VS2010)

time: Mon Jan 22 13:45:12 2018
elapsed time: 397734 seconds (4d 14h 28m 54s)

